32: Type -> BOOL
5: RetType -> Type
30: Type -> INT
11: FormalDecl -> Type ID
30: Type -> INT
11: FormalDecl -> Type ID
9: FormalsList -> FormalDecl
10: FormalsList -> FormalDecl COMMA FormalsList
8: Formals -> FormalsList
36: Exp -> ID
36: Exp -> ID
46: Exp -> Exp RELOP Exp
20: Statement -> RETURN Exp SC
12: Statements -> Statement
4: FuncDecl -> RetType ID LPAREN Formals RPAREN LBRACE Statements RBRACE
30: Type -> INT
5: RetType -> Type
7: Formals -> epsilon
38: Exp -> NUM
20: Statement -> RETURN Exp SC
12: Statements -> Statement
4: FuncDecl -> RetType ID LPAREN Formals RPAREN LBRACE Statements RBRACE
6: RetType ->  VOID
7: Formals -> epsilon
33: Type -> SET LBRACKET NUM DOTS NUM RBRACKET
15: Statement -> Type ID SC
12: Statements -> Statement
36: Exp -> ID
38: Exp -> NUM
35: Exp -> Exp BINOP Exp
17: Statement -> ID ASSIGN Exp SC
13: Statements -> Statements Statement
36: Exp -> ID
38: Exp -> NUM
35: Exp -> Exp BINOP Exp
17: Statement -> ID ASSIGN Exp SC
13: Statements -> Statements Statement
32: Type -> BOOL
38: Exp -> NUM
36: Exp -> ID
46: Exp -> Exp RELOP Exp
16: Statement -> Type ID ASSIGN Exp SC
13: Statements -> Statements Statement
36: Exp -> ID
43: Exp -> NOT Exp
30: Type -> INT
27: Call -> ID LPAREN RPAREN
37: Exp -> Call
16: Statement -> Type ID ASSIGN Exp SC
12: Statements -> Statement
36: Exp -> ID
28: ExpList -> Exp
26: Call -> ID LPAREN ExpList RPAREN
18: Statement -> Call SC
13: Statements -> Statements Statement
14: Statement -> LBRACE Statements RBRACE
line 21: syntax error
