6: RetType ->  VOID
7: Formals -> epsilon
30: Type -> INT
38: Exp -> NUM
16: Statement -> Type ID ASSIGN Exp SC
12: Statements -> Statement
30: Type -> INT
38: Exp -> NUM
16: Statement -> Type ID ASSIGN Exp SC
13: Statements -> Statements Statement
31: Type -> BYTE
39: Exp -> NUM B
16: Statement -> Type ID ASSIGN Exp SC
13: Statements -> Statements Statement
30: Type -> INT
36: Exp -> ID
36: Exp -> ID
35: Exp -> Exp BINOP Exp
16: Statement -> Type ID ASSIGN Exp SC
12: Statements -> Statement
30: Type -> INT
36: Exp -> ID
36: Exp -> ID
35: Exp -> Exp BINOP Exp
16: Statement -> Type ID ASSIGN Exp SC
13: Statements -> Statements Statement
14: Statement -> LBRACE Statements RBRACE
13: Statements -> Statements Statement
19: Statement -> RETURN SC
13: Statements -> Statements Statement
4: FuncDecl -> RetType ID LPAREN Formals RPAREN LBRACE Statements RBRACE
2: Funcs -> epsilon
3: Funcs -> FuncDecl Funcs
1: Program -> Funcs
