33: Type -> SET LBRACKET NUM DOTS NUM RBRACKET
5: RetType -> Type
30: Type -> INT
11: FormalDecl -> Type ID
9: FormalsList -> FormalDecl
8: Formals -> FormalsList
36: Exp -> ID
28: ExpList -> Exp
26: Call -> ID LPAREN ExpList RPAREN
18: Statement -> Call SC
12: Statements -> Statement
33: Type -> SET LBRACKET NUM DOTS NUM RBRACKET
15: Statement -> Type ID SC
13: Statements -> Statements Statement
36: Exp -> ID
20: Statement -> RETURN Exp SC
13: Statements -> Statements Statement
4: FuncDecl -> RetType ID LPAREN Formals RPAREN LBRACE Statements RBRACE
30: Type -> INT
5: RetType -> Type
30: Type -> INT
11: FormalDecl -> Type ID
31: Type -> BYTE
11: FormalDecl -> Type ID
9: FormalsList -> FormalDecl
10: FormalsList -> FormalDecl COMMA FormalsList
8: Formals -> FormalsList
36: Exp -> ID
36: Exp -> ID
35: Exp -> Exp BINOP Exp
20: Statement -> RETURN Exp SC
12: Statements -> Statement
4: FuncDecl -> RetType ID LPAREN Formals RPAREN LBRACE Statements RBRACE
31: Type -> BYTE
5: RetType -> Type
7: Formals -> epsilon
39: Exp -> NUM B
20: Statement -> RETURN Exp SC
12: Statements -> Statement
4: FuncDecl -> RetType ID LPAREN Formals RPAREN LBRACE Statements RBRACE
30: Type -> INT
5: RetType -> Type
31: Type -> BYTE
11: FormalDecl -> Type ID
9: FormalsList -> FormalDecl
8: Formals -> FormalsList
36: Exp -> ID
20: Statement -> RETURN Exp SC
12: Statements -> Statement
4: FuncDecl -> RetType ID LPAREN Formals RPAREN LBRACE Statements RBRACE
32: Type -> BOOL
5: RetType -> Type
32: Type -> BOOL
11: FormalDecl -> Type ID
32: Type -> BOOL
11: FormalDecl -> Type ID
9: FormalsList -> FormalDecl
10: FormalsList -> FormalDecl COMMA FormalsList
8: Formals -> FormalsList
36: Exp -> ID
36: Exp -> ID
44: Exp -> Exp AND Exp
34: Exp -> LPAREN Exp RPAREN
43: Exp -> NOT Exp
20: Statement -> RETURN Exp SC
12: Statements -> Statement
4: FuncDecl -> RetType ID LPAREN Formals RPAREN LBRACE Statements RBRACE
32: Type -> BOOL
5: RetType -> Type
30: Type -> INT
11: FormalDecl -> Type ID
9: FormalsList -> FormalDecl
8: Formals -> FormalsList
36: Exp -> ID
38: Exp -> NUM
46: Exp -> Exp RELOP Exp
20: Statement -> RETURN Exp SC
12: Statements -> Statement
4: FuncDecl -> RetType ID LPAREN Formals RPAREN LBRACE Statements RBRACE
6: RetType ->  VOID
7: Formals -> epsilon
40: Exp -> STRING
28: ExpList -> Exp
26: Call -> ID LPAREN ExpList RPAREN
18: Statement -> Call SC
12: Statements -> Statement
4: FuncDecl -> RetType ID LPAREN Formals RPAREN LBRACE Statements RBRACE
2: Funcs -> epsilon
3: Funcs -> FuncDecl Funcs
3: Funcs -> FuncDecl Funcs
3: Funcs -> FuncDecl Funcs
3: Funcs -> FuncDecl Funcs
3: Funcs -> FuncDecl Funcs
3: Funcs -> FuncDecl Funcs
3: Funcs -> FuncDecl Funcs
1: Program -> Funcs
